[2021-12-22T16:57:25.715] [INFO] info - get: {}
[2021-12-22T16:57:25.717] [INFO] info - params: {}
[2021-12-22T17:10:54.452] [INFO] info - undefinedrequest method: undefined
request originalUrl:  undefined
request client ip:  undefined
request body: 
undefined
response time: 0

[2021-12-22T17:10:54.453] [INFO] info - undefinedrequest method: undefined
request originalUrl:  undefined
request client ip:  undefined
request body: 
undefined
response time: 0

[2021-12-22T17:12:04.640] [INFO] info - undefinedrequest method: undefined
request originalUrl:  undefined
request client ip:  undefined
request body: 
undefined
response time: 0

[2021-12-22T17:12:04.642] [INFO] info - undefinedrequest method: undefined
request originalUrl:  undefined
request client ip:  undefined
request body: 
undefined
response time: 0

[2021-12-22T17:44:35.601] [INFO] info - get: {}
[2021-12-22T17:44:35.602] [INFO] info - params: {}
[2021-12-22T17:44:36.315] [INFO] info - get: {}
[2021-12-22T17:44:36.316] [INFO] info - params: {}
